This file contains any messages produced by compilers while
running configure, to aid debugging if configure makes a mistake.

It was created by codeblocks configure 13.12svn9852, which was
generated by GNU Autoconf 2.69.  Invocation command line was

  $ ./configure 

## --------- ##
## Platform. ##
## --------- ##

hostname = netsentry-D4-3D-7E-4E-52-DC
uname -m = x86_64
uname -r = 3.9.1-x86_64-dts
uname -s = Linux
uname -v = #1 SMP PREEMPT Fri May 10 22:19:18 SAST 2013

/usr/bin/uname -p = unknown
/bin/uname -X     = unknown

/bin/arch              = unknown
/usr/bin/arch -k       = unknown
/usr/convex/getsysinfo = unknown
/usr/bin/hostinfo      = unknown
/bin/machine           = unknown
/usr/bin/oslevel       = unknown
/bin/universe          = unknown

PATH: /usr/local/sbin
PATH: /usr/local/bin
PATH: /usr/sbin
PATH: /usr/bin
PATH: /sbin
PATH: /bin
PATH: /opt/apache2/bin
PATH: /opt/Xorg/bin
PATH: /opt/xfce/bin
PATH: /usr/lib64/jvm/jdk-1.7.0_51/bin
PATH: /usr/lib64/jvm/apache-ant-1.9.2/bin
PATH: /usr/lib64/jvm/apache-maven-3.1.1/bin
PATH: /opt/texlive/bin/custom
PATH: /opt/apache2/bin
PATH: /opt/apr/bin
PATH: /opt/dtsbuild/bin
PATH: /opt/forrest/bin
PATH: /opt/lsb/bin
PATH: /opt/MailScanner/bin
PATH: /opt/mesa-demos/bin
PATH: /opt/mysql/bin
PATH: /opt/qt-4/bin
PATH: /opt/qt-5/bin
PATH: /opt/radius/bin
PATH: /opt/schily/bin
PATH: /opt/texlive/bin
PATH: /opt/texlive.orig/bin
PATH: /opt/xfce/bin
PATH: /opt/Xorg/bin
PATH: /opt/qt-5/bin
PATH: /opt/fop


## ----------- ##
## Core tests. ##
## ----------- ##

configure:2853: checking build system type
configure:2867: result: x86_64-unknown-linux-gnu
configure:2887: checking host system type
configure:2900: result: x86_64-unknown-linux-gnu
configure:2920: checking target system type
configure:2933: result: x86_64-unknown-linux-gnu
configure:2978: checking for a BSD-compatible install
configure:3046: result: /usr/bin/ginstall -c
configure:3057: checking whether build environment is sane
configure:3112: result: yes
configure:3263: checking for a thread-safe mkdir -p
configure:3302: result: /usr/bin/mkdir -p
configure:3309: checking for gawk
configure:3325: found /usr/bin/gawk
configure:3336: result: gawk
configure:3347: checking whether make sets $(MAKE)
configure:3369: result: yes
configure:3398: checking whether make supports nested variables
configure:3415: result: yes
configure:3614: checking how to print strings
configure:3641: result: printf
configure:3674: checking for style of include used by make
configure:3702: result: GNU
configure:3773: checking for gcc
configure:3789: found /usr/bin/gcc
configure:3800: result: gcc
configure:4029: checking for C compiler version
configure:4038: gcc --version >&5
gcc (GCC) 4.9.1
Copyright (C) 2014 Free Software Foundation, Inc.
This is free software; see the source for copying conditions.  There is NO
warranty; not even for MERCHANTABILITY or FITNESS FOR A PARTICULAR PURPOSE.

configure:4049: $? = 0
configure:4038: gcc -v >&5
Using built-in specs.
COLLECT_GCC=gcc
COLLECT_LTO_WRAPPER=/usr/libexec/gcc/x86_64-linux-gnu/4.9.1/lto-wrapper
Target: x86_64-linux-gnu
Configured with: ./../configure --prefix=/usr --sysconfdir=/etc/ --mandir=/usr/share/man --localstatedir=/var --infodir=/usr/share/info --libdir=/usr/lib64 --host=x86_64-linux-gnu --build=x86_64-linux-gnu --with-build-sysroot=/var/opt/dtsbuild/sysroot/x86_64 --with-ecj-jar=/usr/share/java/ecj-4.3.2.jar --enable-lto --enable-cloog-backend=isl --enable-java-home --with-system-zlib --with-gmp-lib=/var/opt/dtsbuild/sysroot/x86_64//usr/lib64/x86_64 --target=x86_64-linux-gnu --with-multilib-list=m32,m64,mx32 --with-sysroot=/ --enable-multilib --with-jvm-root-dir=/usr/lib64/jvm/gcj-jdk --enable-languages=c,c++,fortran,java,lto,objc,obj-c++,go,ada
Thread model: posix
gcc version 4.9.1 (GCC) 
configure:4049: $? = 0
configure:4038: gcc -V >&5
gcc: error: unrecognized command line option '-V'
gcc: fatal error: no input files
compilation terminated.
configure:4049: $? = 1
configure:4038: gcc -qversion >&5
gcc: error: unrecognized command line option '-qversion'
gcc: fatal error: no input files
compilation terminated.
configure:4049: $? = 1
configure:4069: checking whether the C compiler works
configure:4091: gcc    conftest.c  >&5
configure:4095: $? = 0
configure:4143: result: yes
configure:4146: checking for C compiler default output file name
configure:4148: result: a.out
configure:4154: checking for suffix of executables
configure:4161: gcc -o conftest    conftest.c  >&5
configure:4165: $? = 0
configure:4187: result: 
configure:4209: checking whether we are cross compiling
configure:4217: gcc -o conftest    conftest.c  >&5
configure:4221: $? = 0
configure:4228: ./conftest
configure:4232: $? = 0
configure:4247: result: no
configure:4252: checking for suffix of object files
configure:4274: gcc -c   conftest.c >&5
configure:4278: $? = 0
configure:4299: result: o
configure:4303: checking whether we are using the GNU C compiler
configure:4322: gcc -c   conftest.c >&5
configure:4322: $? = 0
configure:4331: result: yes
configure:4340: checking whether gcc accepts -g
configure:4360: gcc -c -g  conftest.c >&5
configure:4360: $? = 0
configure:4401: result: yes
configure:4418: checking for gcc option to accept ISO C89
configure:4481: gcc  -c -g -O2  conftest.c >&5
configure:4481: $? = 0
configure:4494: result: none needed
configure:4519: checking whether gcc understands -c and -o together
configure:4541: gcc -c conftest.c -o conftest2.o
configure:4544: $? = 0
configure:4541: gcc -c conftest.c -o conftest2.o
configure:4544: $? = 0
configure:4556: result: yes
configure:4575: checking dependency style of gcc
configure:4686: result: gcc3
configure:4701: checking for a sed that does not truncate output
configure:4765: result: /usr/bin/sed
configure:4783: checking for grep that handles long lines and -e
configure:4841: result: /usr/bin/grep
configure:4846: checking for egrep
configure:4908: result: /usr/bin/grep -E
configure:4913: checking for fgrep
configure:4975: result: /usr/bin/grep -F
configure:5010: checking for ld used by gcc
configure:5077: result: /usr/x86_64-linux-gnu/bin/ld
configure:5084: checking if the linker (/usr/x86_64-linux-gnu/bin/ld) is GNU ld
configure:5099: result: yes
configure:5111: checking for BSD- or MS-compatible name lister (nm)
configure:5160: result: /usr/bin/nm -B
configure:5290: checking the name lister (/usr/bin/nm -B) interface
configure:5297: gcc -c -g -O2  conftest.c >&5
configure:5300: /usr/bin/nm -B "conftest.o"
configure:5303: output
0000000000000000 B some_variable
configure:5310: result: BSD nm
configure:5313: checking whether ln -s works
configure:5317: result: yes
configure:5325: checking the maximum length of command line arguments
configure:5455: result: 1572864
configure:5472: checking whether the shell understands some XSI constructs
configure:5482: result: yes
configure:5486: checking whether the shell understands "+="
configure:5492: result: yes
configure:5527: checking how to convert x86_64-unknown-linux-gnu file names to x86_64-unknown-linux-gnu format
configure:5567: result: func_convert_file_noop
configure:5574: checking how to convert x86_64-unknown-linux-gnu file names to toolchain format
configure:5594: result: func_convert_file_noop
configure:5601: checking for /usr/x86_64-linux-gnu/bin/ld option to reload object files
configure:5608: result: -r
configure:5682: checking for objdump
configure:5698: found /usr/bin/objdump
configure:5709: result: objdump
configure:5741: checking how to recognize dependent libraries
configure:5943: result: pass_all
configure:6028: checking for dlltool
configure:6058: result: no
configure:6088: checking how to associate runtime and link libraries
configure:6115: result: printf %s\n
configure:6176: checking for ar
configure:6192: found /usr/bin/ar
configure:6203: result: ar
configure:6240: checking for archiver @FILE support
configure:6257: gcc -c -g -O2  conftest.c >&5
configure:6257: $? = 0
configure:6260: ar cru libconftest.a @conftest.lst >&5
configure:6263: $? = 0
configure:6268: ar cru libconftest.a @conftest.lst >&5
ar: conftest.o: No such file or directory
configure:6271: $? = 1
configure:6283: result: @
configure:6341: checking for strip
configure:6357: found /usr/bin/strip
configure:6368: result: strip
configure:6440: checking for ranlib
configure:6456: found /usr/bin/ranlib
configure:6467: result: ranlib
configure:6569: checking command to parse /usr/bin/nm -B output from gcc object
configure:6689: gcc -c -g -O2  conftest.c >&5
configure:6692: $? = 0
configure:6696: /usr/bin/nm -B conftest.o \| sed -n -e 's/^.*[ ]\([ABCDGIRSTW][ABCDGIRSTW]*\)[ ][ ]*\([_A-Za-z][_A-Za-z0-9]*\)$/\1 \2 \2/p' | sed '/ __gnu_lto/d' \> conftest.nm
configure:6699: $? = 0
configure:6765: gcc -o conftest -g -O2   conftest.c conftstm.o >&5
configure:6768: $? = 0
configure:6806: result: ok
configure:6843: checking for sysroot
configure:6873: result: no
configure:6950: gcc -c -g -O2  conftest.c >&5
configure:6953: $? = 0
configure:7129: checking for mt
configure:7159: result: no
configure:7179: checking if : is a manifest tool
configure:7185: : '-?'
configure:7193: result: no
configure:7835: checking how to run the C preprocessor
configure:7866: gcc -E  conftest.c
configure:7866: $? = 0
configure:7880: gcc -E  conftest.c
conftest.c:11:28: fatal error: ac_nonexistent.h: No such file or directory
 #include <ac_nonexistent.h>
                            ^
compilation terminated.
configure:7880: $? = 1
configure: failed program was:
| /* confdefs.h */
| #define PACKAGE_NAME "codeblocks"
| #define PACKAGE_TARNAME "codeblocks"
| #define PACKAGE_VERSION "13.12svn9852"
| #define PACKAGE_STRING "codeblocks 13.12svn9852"
| #define PACKAGE_BUGREPORT ""
| #define PACKAGE_URL ""
| #define PACKAGE "codeblocks"
| #define VERSION "13.12svn9852"
| /* end confdefs.h.  */
| #include <ac_nonexistent.h>
configure:7905: result: gcc -E
configure:7925: gcc -E  conftest.c
configure:7925: $? = 0
configure:7939: gcc -E  conftest.c
conftest.c:11:28: fatal error: ac_nonexistent.h: No such file or directory
 #include <ac_nonexistent.h>
                            ^
compilation terminated.
configure:7939: $? = 1
configure: failed program was:
| /* confdefs.h */
| #define PACKAGE_NAME "codeblocks"
| #define PACKAGE_TARNAME "codeblocks"
| #define PACKAGE_VERSION "13.12svn9852"
| #define PACKAGE_STRING "codeblocks 13.12svn9852"
| #define PACKAGE_BUGREPORT ""
| #define PACKAGE_URL ""
| #define PACKAGE "codeblocks"
| #define VERSION "13.12svn9852"
| /* end confdefs.h.  */
| #include <ac_nonexistent.h>
configure:7968: checking for ANSI C header files
configure:7988: gcc -c -g -O2  conftest.c >&5
configure:7988: $? = 0
configure:8061: gcc -o conftest -g -O2   conftest.c  >&5
configure:8061: $? = 0
configure:8061: ./conftest
configure:8061: $? = 0
configure:8072: result: yes
configure:8085: checking for sys/types.h
configure:8085: gcc -c -g -O2  conftest.c >&5
configure:8085: $? = 0
configure:8085: result: yes
configure:8085: checking for sys/stat.h
configure:8085: gcc -c -g -O2  conftest.c >&5
configure:8085: $? = 0
configure:8085: result: yes
configure:8085: checking for stdlib.h
configure:8085: gcc -c -g -O2  conftest.c >&5
configure:8085: $? = 0
configure:8085: result: yes
configure:8085: checking for string.h
configure:8085: gcc -c -g -O2  conftest.c >&5
configure:8085: $? = 0
configure:8085: result: yes
configure:8085: checking for memory.h
configure:8085: gcc -c -g -O2  conftest.c >&5
configure:8085: $? = 0
configure:8085: result: yes
configure:8085: checking for strings.h
configure:8085: gcc -c -g -O2  conftest.c >&5
configure:8085: $? = 0
configure:8085: result: yes
configure:8085: checking for inttypes.h
configure:8085: gcc -c -g -O2  conftest.c >&5
configure:8085: $? = 0
configure:8085: result: yes
configure:8085: checking for stdint.h
configure:8085: gcc -c -g -O2  conftest.c >&5
configure:8085: $? = 0
configure:8085: result: yes
configure:8085: checking for unistd.h
configure:8085: gcc -c -g -O2  conftest.c >&5
configure:8085: $? = 0
configure:8085: result: yes
configure:8099: checking for dlfcn.h
configure:8099: gcc -c -g -O2  conftest.c >&5
configure:8099: $? = 0
configure:8099: result: yes
configure:8275: checking for objdir
configure:8290: result: .libs
configure:8561: checking if gcc supports -fno-rtti -fno-exceptions
configure:8579: gcc -c -g -O2  -fno-rtti -fno-exceptions conftest.c >&5
cc1: warning: command line option '-fno-rtti' is valid for C++/ObjC++ but not for C
configure:8583: $? = 0
configure:8596: result: no
configure:8923: checking for gcc option to produce PIC
configure:8930: result: -fPIC -DPIC
configure:8938: checking if gcc PIC flag -fPIC -DPIC works
configure:8956: gcc -c -g -O2  -fPIC -DPIC -DPIC conftest.c >&5
configure:8960: $? = 0
configure:8973: result: yes
configure:9002: checking if gcc static flag -static works
configure:9030: result: yes
configure:9045: checking if gcc supports -c -o file.o
configure:9066: gcc -c -g -O2  -o out/conftest2.o conftest.c >&5
configure:9070: $? = 0
configure:9092: result: yes
configure:9100: checking if gcc supports -c -o file.o
configure:9147: result: yes
configure:9180: checking whether the gcc linker (/usr/x86_64-linux-gnu/bin/ld -m elf_x86_64) supports shared libraries
configure:10333: result: yes
configure:10370: checking whether -lc should be explicitly linked in
configure:10378: gcc -c -g -O2  conftest.c >&5
configure:10381: $? = 0
configure:10396: gcc -shared  -fPIC -DPIC conftest.o  -v -Wl,-soname -Wl,conftest -o conftest 2\>\&1 \| /usr/bin/grep  -lc  \>/dev/null 2\>\&1
configure:10399: $? = 0
configure:10413: result: no
configure:10573: checking dynamic linker characteristics
configure:11084: gcc -o conftest -g -O2   -Wl,-rpath -Wl,/foo conftest.c  >&5
configure:11084: $? = 0
configure:11306: result: GNU/Linux ld.so
configure:11413: checking how to hardcode library paths into programs
configure:11438: result: immediate
configure:11978: checking whether stripping libraries is possible
configure:11983: result: yes
configure:12018: checking if libtool supports shared libraries
configure:12020: result: yes
configure:12023: checking whether to build shared libraries
configure:12044: result: yes
configure:12047: checking whether to build static libraries
configure:12051: result: no
configure:12103: checking whether make supports nested variables
configure:12120: result: yes
configure:12133: checking whether to enable debugging
configure:12153: result: no
configure:12216: checking for g++
configure:12232: found /usr/bin/g++
configure:12243: result: g++
configure:12270: checking for C++ compiler version
configure:12279: g++ --version >&5
g++ (GCC) 4.9.1
Copyright (C) 2014 Free Software Foundation, Inc.
This is free software; see the source for copying conditions.  There is NO
warranty; not even for MERCHANTABILITY or FITNESS FOR A PARTICULAR PURPOSE.

configure:12290: $? = 0
configure:12279: g++ -v >&5
Using built-in specs.
COLLECT_GCC=g++
COLLECT_LTO_WRAPPER=/usr/libexec/gcc/x86_64-linux-gnu/4.9.1/lto-wrapper
Target: x86_64-linux-gnu
Configured with: ./../configure --prefix=/usr --sysconfdir=/etc/ --mandir=/usr/share/man --localstatedir=/var --infodir=/usr/share/info --libdir=/usr/lib64 --host=x86_64-linux-gnu --build=x86_64-linux-gnu --with-build-sysroot=/var/opt/dtsbuild/sysroot/x86_64 --with-ecj-jar=/usr/share/java/ecj-4.3.2.jar --enable-lto --enable-cloog-backend=isl --enable-java-home --with-system-zlib --with-gmp-lib=/var/opt/dtsbuild/sysroot/x86_64//usr/lib64/x86_64 --target=x86_64-linux-gnu --with-multilib-list=m32,m64,mx32 --with-sysroot=/ --enable-multilib --with-jvm-root-dir=/usr/lib64/jvm/gcj-jdk --enable-languages=c,c++,fortran,java,lto,objc,obj-c++,go,ada
Thread model: posix
gcc version 4.9.1 (GCC) 
configure:12290: $? = 0
configure:12279: g++ -V >&5
g++: error: unrecognized command line option '-V'
g++: fatal error: no input files
compilation terminated.
configure:12290: $? = 1
configure:12279: g++ -qversion >&5
g++: error: unrecognized command line option '-qversion'
g++: fatal error: no input files
compilation terminated.
configure:12290: $? = 1
configure:12294: checking whether we are using the GNU C++ compiler
configure:12313: g++ -c -O2 -ffast-math -DCB_AUTOCONF   conftest.cpp >&5
configure:12313: $? = 0
configure:12322: result: yes
configure:12331: checking whether g++ accepts -g
configure:12351: g++ -c -g  conftest.cpp >&5
configure:12351: $? = 0
configure:12392: result: yes
configure:12417: checking dependency style of g++
configure:12528: result: gcc3
configure:12561: checking how to run the C++ preprocessor
configure:12588: g++ -E  conftest.cpp
configure:12588: $? = 0
configure:12602: g++ -E  conftest.cpp
conftest.cpp:23:28: fatal error: ac_nonexistent.h: No such file or directory
 #include <ac_nonexistent.h>
                            ^
compilation terminated.
configure:12602: $? = 1
configure: failed program was:
| /* confdefs.h */
| #define PACKAGE_NAME "codeblocks"
| #define PACKAGE_TARNAME "codeblocks"
| #define PACKAGE_VERSION "13.12svn9852"
| #define PACKAGE_STRING "codeblocks 13.12svn9852"
| #define PACKAGE_BUGREPORT ""
| #define PACKAGE_URL ""
| #define PACKAGE "codeblocks"
| #define VERSION "13.12svn9852"
| #define STDC_HEADERS 1
| #define HAVE_SYS_TYPES_H 1
| #define HAVE_SYS_STAT_H 1
| #define HAVE_STDLIB_H 1
| #define HAVE_STRING_H 1
| #define HAVE_MEMORY_H 1
| #define HAVE_STRINGS_H 1
| #define HAVE_INTTYPES_H 1
| #define HAVE_STDINT_H 1
| #define HAVE_UNISTD_H 1
| #define HAVE_DLFCN_H 1
| #define LT_OBJDIR ".libs/"
| /* end confdefs.h.  */
| #include <ac_nonexistent.h>
configure:12627: result: g++ -E
configure:12647: g++ -E  conftest.cpp
configure:12647: $? = 0
configure:12661: g++ -E  conftest.cpp
conftest.cpp:23:28: fatal error: ac_nonexistent.h: No such file or directory
 #include <ac_nonexistent.h>
                            ^
compilation terminated.
configure:12661: $? = 1
configure: failed program was:
| /* confdefs.h */
| #define PACKAGE_NAME "codeblocks"
| #define PACKAGE_TARNAME "codeblocks"
| #define PACKAGE_VERSION "13.12svn9852"
| #define PACKAGE_STRING "codeblocks 13.12svn9852"
| #define PACKAGE_BUGREPORT ""
| #define PACKAGE_URL ""
| #define PACKAGE "codeblocks"
| #define VERSION "13.12svn9852"
| #define STDC_HEADERS 1
| #define HAVE_SYS_TYPES_H 1
| #define HAVE_SYS_STAT_H 1
| #define HAVE_STDLIB_H 1
| #define HAVE_STRING_H 1
| #define HAVE_MEMORY_H 1
| #define HAVE_STRINGS_H 1
| #define HAVE_INTTYPES_H 1
| #define HAVE_STDINT_H 1
| #define HAVE_UNISTD_H 1
| #define HAVE_DLFCN_H 1
| #define LT_OBJDIR ".libs/"
| /* end confdefs.h.  */
| #include <ac_nonexistent.h>
configure:12830: checking for ld used by g++
configure:12897: result: /usr/x86_64-linux-gnu/bin/ld -m elf_x86_64
configure:12904: checking if the linker (/usr/x86_64-linux-gnu/bin/ld -m elf_x86_64) is GNU ld
configure:12919: result: yes
configure:12974: checking whether the g++ linker (/usr/x86_64-linux-gnu/bin/ld -m elf_x86_64) supports shared libraries
configure:13979: result: yes
configure:14015: g++ -c -O2 -ffast-math -DCB_AUTOCONF   conftest.cpp >&5
configure:14018: $? = 0
configure:14538: checking for g++ option to produce PIC
configure:14545: result: -fPIC -DPIC
configure:14553: checking if g++ PIC flag -fPIC -DPIC works
configure:14571: g++ -c -O2 -ffast-math -DCB_AUTOCONF   -fPIC -DPIC -DPIC conftest.cpp >&5
configure:14575: $? = 0
configure:14588: result: yes
configure:14611: checking if g++ static flag -static works
configure:14639: result: yes
configure:14651: checking if g++ supports -c -o file.o
configure:14672: g++ -c -O2 -ffast-math -DCB_AUTOCONF   -o out/conftest2.o conftest.cpp >&5
configure:14676: $? = 0
configure:14698: result: yes
configure:14703: checking if g++ supports -c -o file.o
configure:14750: result: yes
configure:14780: checking whether the g++ linker (/usr/x86_64-linux-gnu/bin/ld -m elf_x86_64) supports shared libraries
configure:14816: result: yes
configure:14957: checking dynamic linker characteristics
configure:15624: result: GNU/Linux ld.so
configure:15677: checking how to hardcode library paths into programs
configure:15702: result: immediate
configure:15747: checking how to run the C preprocessor
configure:15817: result: gcc -E
configure:15837: gcc -E  conftest.c
configure:15837: $? = 0
configure:15851: gcc -E  conftest.c
conftest.c:23:28: fatal error: ac_nonexistent.h: No such file or directory
 #include <ac_nonexistent.h>
                            ^
compilation terminated.
configure:15851: $? = 1
configure: failed program was:
| /* confdefs.h */
| #define PACKAGE_NAME "codeblocks"
| #define PACKAGE_TARNAME "codeblocks"
| #define PACKAGE_VERSION "13.12svn9852"
| #define PACKAGE_STRING "codeblocks 13.12svn9852"
| #define PACKAGE_BUGREPORT ""
| #define PACKAGE_URL ""
| #define PACKAGE "codeblocks"
| #define VERSION "13.12svn9852"
| #define STDC_HEADERS 1
| #define HAVE_SYS_TYPES_H 1
| #define HAVE_SYS_STAT_H 1
| #define HAVE_STDLIB_H 1
| #define HAVE_STRING_H 1
| #define HAVE_MEMORY_H 1
| #define HAVE_STRINGS_H 1
| #define HAVE_INTTYPES_H 1
| #define HAVE_STDINT_H 1
| #define HAVE_UNISTD_H 1
| #define HAVE_DLFCN_H 1
| #define LT_OBJDIR ".libs/"
| /* end confdefs.h.  */
| #include <ac_nonexistent.h>
configure:15927: checking for gcc
configure:15954: result: gcc
configure:16183: checking for C compiler version
configure:16192: gcc --version >&5
gcc (GCC) 4.9.1
Copyright (C) 2014 Free Software Foundation, Inc.
This is free software; see the source for copying conditions.  There is NO
warranty; not even for MERCHANTABILITY or FITNESS FOR A PARTICULAR PURPOSE.

configure:16203: $? = 0
configure:16192: gcc -v >&5
Using built-in specs.
COLLECT_GCC=gcc
COLLECT_LTO_WRAPPER=/usr/libexec/gcc/x86_64-linux-gnu/4.9.1/lto-wrapper
Target: x86_64-linux-gnu
Configured with: ./../configure --prefix=/usr --sysconfdir=/etc/ --mandir=/usr/share/man --localstatedir=/var --infodir=/usr/share/info --libdir=/usr/lib64 --host=x86_64-linux-gnu --build=x86_64-linux-gnu --with-build-sysroot=/var/opt/dtsbuild/sysroot/x86_64 --with-ecj-jar=/usr/share/java/ecj-4.3.2.jar --enable-lto --enable-cloog-backend=isl --enable-java-home --with-system-zlib --with-gmp-lib=/var/opt/dtsbuild/sysroot/x86_64//usr/lib64/x86_64 --target=x86_64-linux-gnu --with-multilib-list=m32,m64,mx32 --with-sysroot=/ --enable-multilib --with-jvm-root-dir=/usr/lib64/jvm/gcj-jdk --enable-languages=c,c++,fortran,java,lto,objc,obj-c++,go,ada
Thread model: posix
gcc version 4.9.1 (GCC) 
configure:16203: $? = 0
configure:16192: gcc -V >&5
gcc: error: unrecognized command line option '-V'
gcc: fatal error: no input files
compilation terminated.
configure:16203: $? = 1
configure:16192: gcc -qversion >&5
gcc: error: unrecognized command line option '-qversion'
gcc: fatal error: no input files
compilation terminated.
configure:16203: $? = 1
configure:16207: checking whether we are using the GNU C compiler
configure:16235: result: yes
configure:16244: checking whether gcc accepts -g
configure:16305: result: yes
configure:16322: checking for gcc option to accept ISO C89
configure:16398: result: none needed
configure:16423: checking whether gcc understands -c and -o together
configure:16460: result: yes
configure:16479: checking dependency style of gcc
configure:16590: result: gcc3
configure:16607: checking whether ln -s works
configure:16611: result: yes
configure:16618: checking whether make sets $(MAKE)
configure:16640: result: yes
configure:16653: checking for gawk
configure:16680: result: gawk
configure:16864: checking for dirent.h that defines DIR
configure:16883: gcc -c -O2 -ffast-math -DCB_AUTOCONF -g -O2  conftest.c >&5
configure:16883: $? = 0
configure:16891: result: yes
configure:16904: checking for library containing opendir
configure:16935: gcc -o conftest -O2 -ffast-math -DCB_AUTOCONF -g -O2  -Wl,--no-undefined conftest.c  >&5
configure:16935: $? = 0
configure:16952: result: none required
configure:17019: checking for ANSI C header files
configure:17123: result: yes
configure:17134: checking fcntl.h usability
configure:17134: gcc -c -O2 -ffast-math -DCB_AUTOCONF -g -O2  conftest.c >&5
configure:17134: $? = 0
configure:17134: result: yes
configure:17134: checking fcntl.h presence
configure:17134: gcc -E  conftest.c
configure:17134: $? = 0
configure:17134: result: yes
configure:17134: checking for fcntl.h
configure:17134: result: yes
configure:17134: checking limits.h usability
configure:17134: gcc -c -O2 -ffast-math -DCB_AUTOCONF -g -O2  conftest.c >&5
configure:17134: $? = 0
configure:17134: result: yes
configure:17134: checking limits.h presence
configure:17134: gcc -E  conftest.c
configure:17134: $? = 0
configure:17134: result: yes
configure:17134: checking for limits.h
configure:17134: result: yes
configure:17134: checking for stdlib.h
configure:17134: result: yes
configure:17134: checking for string.h
configure:17134: result: yes
configure:17134: checking sys/param.h usability
configure:17134: gcc -c -O2 -ffast-math -DCB_AUTOCONF -g -O2  conftest.c >&5
configure:17134: $? = 0
configure:17134: result: yes
configure:17134: checking sys/param.h presence
configure:17134: gcc -E  conftest.c
configure:17134: $? = 0
configure:17134: result: yes
configure:17134: checking for sys/param.h
configure:17134: result: yes
configure:17134: checking for unistd.h
configure:17134: result: yes
configure:17134: checking malloc.h usability
configure:17134: gcc -c -O2 -ffast-math -DCB_AUTOCONF -g -O2  conftest.c >&5
configure:17134: $? = 0
configure:17134: result: yes
configure:17134: checking malloc.h presence
configure:17134: gcc -E  conftest.c
configure:17134: $? = 0
configure:17134: result: yes
configure:17134: checking for malloc.h
configure:17134: result: yes
configure:17145: checking for stdbool.h that conforms to C99
configure:17212: gcc -c -O2 -ffast-math -DCB_AUTOCONF -g -O2  conftest.c >&5
configure:17212: $? = 0
configure:17219: result: yes
configure:17221: checking for _Bool
configure:17221: gcc -c -O2 -ffast-math -DCB_AUTOCONF -g -O2  conftest.c >&5
configure:17221: $? = 0
configure:17221: gcc -c -O2 -ffast-math -DCB_AUTOCONF -g -O2  conftest.c >&5
conftest.c: In function 'main':
conftest.c:68:20: error: expected expression before ')' token
 if (sizeof ((_Bool)))
                    ^
configure:17221: $? = 1
configure: failed program was:
| /* confdefs.h */
| #define PACKAGE_NAME "codeblocks"
| #define PACKAGE_TARNAME "codeblocks"
| #define PACKAGE_VERSION "13.12svn9852"
| #define PACKAGE_STRING "codeblocks 13.12svn9852"
| #define PACKAGE_BUGREPORT ""
| #define PACKAGE_URL ""
| #define PACKAGE "codeblocks"
| #define VERSION "13.12svn9852"
| #define STDC_HEADERS 1
| #define HAVE_SYS_TYPES_H 1
| #define HAVE_SYS_STAT_H 1
| #define HAVE_STDLIB_H 1
| #define HAVE_STRING_H 1
| #define HAVE_MEMORY_H 1
| #define HAVE_STRINGS_H 1
| #define HAVE_INTTYPES_H 1
| #define HAVE_STDINT_H 1
| #define HAVE_UNISTD_H 1
| #define HAVE_DLFCN_H 1
| #define LT_OBJDIR ".libs/"
| #define HAVE_DIRENT_H 1
| #define STDC_HEADERS 1
| #define HAVE_FCNTL_H 1
| #define HAVE_LIMITS_H 1
| #define HAVE_STDLIB_H 1
| #define HAVE_STRING_H 1
| #define HAVE_SYS_PARAM_H 1
| #define HAVE_UNISTD_H 1
| #define HAVE_MALLOC_H 1
| /* end confdefs.h.  */
| #include <stdio.h>
| #ifdef HAVE_SYS_TYPES_H
| # include <sys/types.h>
| #endif
| #ifdef HAVE_SYS_STAT_H
| # include <sys/stat.h>
| #endif
| #ifdef STDC_HEADERS
| # include <stdlib.h>
| # include <stddef.h>
| #else
| # ifdef HAVE_STDLIB_H
| #  include <stdlib.h>
| # endif
| #endif
| #ifdef HAVE_STRING_H
| # if !defined STDC_HEADERS && defined HAVE_MEMORY_H
| #  include <memory.h>
| # endif
| # include <string.h>
| #endif
| #ifdef HAVE_STRINGS_H
| # include <strings.h>
| #endif
| #ifdef HAVE_INTTYPES_H
| # include <inttypes.h>
| #endif
| #ifdef HAVE_STDINT_H
| # include <stdint.h>
| #endif
| #ifdef HAVE_UNISTD_H
| # include <unistd.h>
| #endif
| int
| main ()
| {
| if (sizeof ((_Bool)))
| 	    return 0;
|   ;
|   return 0;
| }
configure:17221: result: yes
configure:17238: checking for an ANSI C-conforming const
configure:17304: gcc -c -O2 -ffast-math -DCB_AUTOCONF -g -O2  conftest.c >&5
configure:17304: $? = 0
configure:17311: result: yes
configure:17319: checking for inline
configure:17335: gcc -c -O2 -ffast-math -DCB_AUTOCONF -g -O2  conftest.c >&5
configure:17335: $? = 0
configure:17343: result: inline
configure:17361: checking for size_t
configure:17361: gcc -c -O2 -ffast-math -DCB_AUTOCONF -g -O2  conftest.c >&5
configure:17361: $? = 0
configure:17361: gcc -c -O2 -ffast-math -DCB_AUTOCONF -g -O2  conftest.c >&5
conftest.c: In function 'main':
conftest.c:70:21: error: expected expression before ')' token
 if (sizeof ((size_t)))
                     ^
configure:17361: $? = 1
configure: failed program was:
| /* confdefs.h */
| #define PACKAGE_NAME "codeblocks"
| #define PACKAGE_TARNAME "codeblocks"
| #define PACKAGE_VERSION "13.12svn9852"
| #define PACKAGE_STRING "codeblocks 13.12svn9852"
| #define PACKAGE_BUGREPORT ""
| #define PACKAGE_URL ""
| #define PACKAGE "codeblocks"
| #define VERSION "13.12svn9852"
| #define STDC_HEADERS 1
| #define HAVE_SYS_TYPES_H 1
| #define HAVE_SYS_STAT_H 1
| #define HAVE_STDLIB_H 1
| #define HAVE_STRING_H 1
| #define HAVE_MEMORY_H 1
| #define HAVE_STRINGS_H 1
| #define HAVE_INTTYPES_H 1
| #define HAVE_STDINT_H 1
| #define HAVE_UNISTD_H 1
| #define HAVE_DLFCN_H 1
| #define LT_OBJDIR ".libs/"
| #define HAVE_DIRENT_H 1
| #define STDC_HEADERS 1
| #define HAVE_FCNTL_H 1
| #define HAVE_LIMITS_H 1
| #define HAVE_STDLIB_H 1
| #define HAVE_STRING_H 1
| #define HAVE_SYS_PARAM_H 1
| #define HAVE_UNISTD_H 1
| #define HAVE_MALLOC_H 1
| #define HAVE__BOOL 1
| #define HAVE_STDBOOL_H 1
| /* end confdefs.h.  */
| #include <stdio.h>
| #ifdef HAVE_SYS_TYPES_H
| # include <sys/types.h>
| #endif
| #ifdef HAVE_SYS_STAT_H
| # include <sys/stat.h>
| #endif
| #ifdef STDC_HEADERS
| # include <stdlib.h>
| # include <stddef.h>
| #else
| # ifdef HAVE_STDLIB_H
| #  include <stdlib.h>
| # endif
| #endif
| #ifdef HAVE_STRING_H
| # if !defined STDC_HEADERS && defined HAVE_MEMORY_H
| #  include <memory.h>
| # endif
| # include <string.h>
| #endif
| #ifdef HAVE_STRINGS_H
| # include <strings.h>
| #endif
| #ifdef HAVE_INTTYPES_H
| # include <inttypes.h>
| #endif
| #ifdef HAVE_STDINT_H
| # include <stdint.h>
| #endif
| #ifdef HAVE_UNISTD_H
| # include <unistd.h>
| #endif
| int
| main ()
| {
| if (sizeof ((size_t)))
| 	    return 0;
|   ;
|   return 0;
| }
configure:17361: result: yes
configure:17372: checking whether time.h and sys/time.h may both be included
configure:17392: gcc -c -O2 -ffast-math -DCB_AUTOCONF -g -O2  conftest.c >&5
configure:17392: $? = 0
configure:17399: result: yes
configure:17407: checking for working volatile
configure:17426: gcc -c -O2 -ffast-math -DCB_AUTOCONF -g -O2  conftest.c >&5
configure:17426: $? = 0
configure:17433: result: yes
configure:17442: checking whether closedir returns void
configure:17466: gcc -o conftest -O2 -ffast-math -DCB_AUTOCONF -g -O2  -Wl,--no-undefined conftest.c  >&5
configure:17466: $? = 0
configure:17466: ./conftest
configure:17466: $? = 0
configure:17476: result: no
configure:17486: checking for stdlib.h
configure:17486: result: yes
configure:17496: checking for GNU libc compatible malloc
configure:17520: gcc -o conftest -O2 -ffast-math -DCB_AUTOCONF -g -O2  -Wl,--no-undefined conftest.c  >&5
configure:17520: $? = 0
configure:17520: ./conftest
configure:17520: $? = 0
configure:17530: result: yes
configure:17551: checking for working memcmp
configure:17594: gcc -o conftest -O2 -ffast-math -DCB_AUTOCONF -g -O2  -Wl,--no-undefined conftest.c  >&5
configure:17594: $? = 0
configure:17594: ./conftest
configure:17594: $? = 0
configure:17604: result: yes
configure:17613: checking whether lstat correctly handles trailing slash
configure:17639: gcc -o conftest -O2 -ffast-math -DCB_AUTOCONF -g -O2  -Wl,--no-undefined conftest.c  >&5
configure:17639: $? = 0
configure:17639: ./conftest
configure:17639: $? = 0
configure:17656: result: yes
configure:17675: checking whether stat accepts an empty string
configure:17695: gcc -o conftest -O2 -ffast-math -DCB_AUTOCONF -g -O2  -Wl,--no-undefined conftest.c  >&5
configure:17695: $? = 0
configure:17695: ./conftest
configure:17695: $? = 0
configure:17705: result: no
configure:17723: checking for vprintf
configure:17723: gcc -o conftest -O2 -ffast-math -DCB_AUTOCONF -g -O2  -Wl,--no-undefined conftest.c  >&5
conftest.c:61:6: warning: conflicting types for built-in function 'vprintf'
 char vprintf ();
      ^
configure:17723: $? = 0
configure:17723: result: yes
configure:17729: checking for _doprnt
configure:17729: gcc -o conftest -O2 -ffast-math -DCB_AUTOCONF -g -O2  -Wl,--no-undefined conftest.c  >&5
/tmp/ccmq4r3Y.o: In function `main':
/root/work/codeblocks/conftest.c:73: undefined reference to `_doprnt'
collect2: error: ld returned 1 exit status
configure:17729: $? = 1
configure: failed program was:
| /* confdefs.h */
| #define PACKAGE_NAME "codeblocks"
| #define PACKAGE_TARNAME "codeblocks"
| #define PACKAGE_VERSION "13.12svn9852"
| #define PACKAGE_STRING "codeblocks 13.12svn9852"
| #define PACKAGE_BUGREPORT ""
| #define PACKAGE_URL ""
| #define PACKAGE "codeblocks"
| #define VERSION "13.12svn9852"
| #define STDC_HEADERS 1
| #define HAVE_SYS_TYPES_H 1
| #define HAVE_SYS_STAT_H 1
| #define HAVE_STDLIB_H 1
| #define HAVE_STRING_H 1
| #define HAVE_MEMORY_H 1
| #define HAVE_STRINGS_H 1
| #define HAVE_INTTYPES_H 1
| #define HAVE_STDINT_H 1
| #define HAVE_UNISTD_H 1
| #define HAVE_DLFCN_H 1
| #define LT_OBJDIR ".libs/"
| #define HAVE_DIRENT_H 1
| #define STDC_HEADERS 1
| #define HAVE_FCNTL_H 1
| #define HAVE_LIMITS_H 1
| #define HAVE_STDLIB_H 1
| #define HAVE_STRING_H 1
| #define HAVE_SYS_PARAM_H 1
| #define HAVE_UNISTD_H 1
| #define HAVE_MALLOC_H 1
| #define HAVE__BOOL 1
| #define HAVE_STDBOOL_H 1
| #define TIME_WITH_SYS_TIME 1
| #define HAVE_STDLIB_H 1
| #define HAVE_MALLOC 1
| #define LSTAT_FOLLOWS_SLASHED_SYMLINK 1
| #define HAVE_VPRINTF 1
| /* end confdefs.h.  */
| /* Define _doprnt to an innocuous variant, in case <limits.h> declares _doprnt.
|    For example, HP-UX 11i <limits.h> declares gettimeofday.  */
| #define _doprnt innocuous__doprnt
| 
| /* System header to define __stub macros and hopefully few prototypes,
|     which can conflict with char _doprnt (); below.
|     Prefer <limits.h> to <assert.h> if __STDC__ is defined, since
|     <limits.h> exists even on freestanding compilers.  */
| 
| #ifdef __STDC__
| # include <limits.h>
| #else
| # include <assert.h>
| #endif
| 
| #undef _doprnt
| 
| /* Override any GCC internal prototype to avoid an error.
|    Use char because int might match the return type of a GCC
|    builtin and then its argument prototype would still apply.  */
| #ifdef __cplusplus
| extern "C"
| #endif
| char _doprnt ();
| /* The GNU C library defines this for functions which it implements
|     to always fail with ENOSYS.  Some functions are actually named
|     something starting with __ and the normal name is an alias.  */
| #if defined __stub__doprnt || defined __stub____doprnt
| choke me
| #endif
| 
| int
| main ()
| {
| return _doprnt ();
|   ;
|   return 0;
| }
configure:17729: result: no
configure:17743: checking for atexit
configure:17743: gcc -o conftest -O2 -ffast-math -DCB_AUTOCONF -g -O2  -Wl,--no-undefined conftest.c  >&5
configure:17743: $? = 0
configure:17743: result: yes
configure:17743: checking for getcwd
configure:17743: gcc -o conftest -O2 -ffast-math -DCB_AUTOCONF -g -O2  -Wl,--no-undefined conftest.c  >&5
configure:17743: $? = 0
configure:17743: result: yes
configure:17743: checking for isascii
configure:17743: gcc -o conftest -O2 -ffast-math -DCB_AUTOCONF -g -O2  -Wl,--no-undefined conftest.c  >&5
conftest.c:64:6: warning: conflicting types for built-in function 'isascii'
 char isascii ();
      ^
configure:17743: $? = 0
configure:17743: result: yes
configure:17743: checking for memchr
configure:17743: gcc -o conftest -O2 -ffast-math -DCB_AUTOCONF -g -O2  -Wl,--no-undefined conftest.c  >&5
conftest.c:65:6: warning: conflicting types for built-in function 'memchr'
 char memchr ();
      ^
configure:17743: $? = 0
configure:17743: result: yes
configure:17743: checking for memmove
configure:17743: gcc -o conftest -O2 -ffast-math -DCB_AUTOCONF -g -O2  -Wl,--no-undefined conftest.c  >&5
conftest.c:66:6: warning: conflicting types for built-in function 'memmove'
 char memmove ();
      ^
configure:17743: $? = 0
configure:17743: result: yes
configure:17743: checking for memset
configure:17743: gcc -o conftest -O2 -ffast-math -DCB_AUTOCONF -g -O2  -Wl,--no-undefined conftest.c  >&5
conftest.c:67:6: warning: conflicting types for built-in function 'memset'
 char memset ();
      ^
configure:17743: $? = 0
configure:17743: result: yes
configure:17743: checking for strcasecmp
configure:17743: gcc -o conftest -O2 -ffast-math -DCB_AUTOCONF -g -O2  -Wl,--no-undefined conftest.c  >&5
conftest.c:68:6: warning: conflicting types for built-in function 'strcasecmp'
 char strcasecmp ();
      ^
configure:17743: $? = 0
configure:17743: result: yes
configure:17743: checking for strchr
configure:17743: gcc -o conftest -O2 -ffast-math -DCB_AUTOCONF -g -O2  -Wl,--no-undefined conftest.c  >&5
conftest.c:69:6: warning: conflicting types for built-in function 'strchr'
 char strchr ();
      ^
configure:17743: $? = 0
configure:17743: result: yes
configure:17743: checking for strcspn
configure:17743: gcc -o conftest -O2 -ffast-math -DCB_AUTOCONF -g -O2  -Wl,--no-undefined conftest.c  >&5
conftest.c:70:6: warning: conflicting types for built-in function 'strcspn'
 char strcspn ();
      ^
configure:17743: $? = 0
configure:17743: result: yes
configure:17743: checking for strdup
configure:17743: gcc -o conftest -O2 -ffast-math -DCB_AUTOCONF -g -O2  -Wl,--no-undefined conftest.c  >&5
conftest.c:71:6: warning: conflicting types for built-in function 'strdup'
 char strdup ();
      ^
configure:17743: $? = 0
configure:17743: result: yes
configure:17743: checking for strrchr
configure:17743: gcc -o conftest -O2 -ffast-math -DCB_AUTOCONF -g -O2  -Wl,--no-undefined conftest.c  >&5
conftest.c:72:6: warning: conflicting types for built-in function 'strrchr'
 char strrchr ();
      ^
configure:17743: $? = 0
configure:17743: result: yes
configure:17743: checking for strstr
configure:17743: gcc -o conftest -O2 -ffast-math -DCB_AUTOCONF -g -O2  -Wl,--no-undefined conftest.c  >&5
conftest.c:73:6: warning: conflicting types for built-in function 'strstr'
 char strstr ();
      ^
configure:17743: $? = 0
configure:17743: result: yes
configure:17752: checking for dlopen in -ldl
configure:17777: gcc -o conftest -O2 -ffast-math -DCB_AUTOCONF -g -O2  -Wl,--no-undefined conftest.c -ldl   >&5
configure:17777: $? = 0
configure:17786: result: yes
configure:17797: checking for pthread_create in -lpthread
configure:17822: gcc -o conftest -O2 -ffast-math -DCB_AUTOCONF -g -O2  -Wl,--no-undefined conftest.c -lpthread  -ldl  >&5
configure:17822: $? = 0
configure:17831: result: yes
configure:17842: checking for snprintf
configure:17842: gcc -o conftest -O2 -ffast-math -DCB_AUTOCONF -g -O2  -Wl,--no-undefined conftest.c -lpthread -ldl  >&5
conftest.c:76:6: warning: conflicting types for built-in function 'snprintf'
 char snprintf ();
      ^
configure:17842: $? = 0
configure:17842: result: yes
configure:17849: checking for vsnprintf
configure:17849: gcc -o conftest -O2 -ffast-math -DCB_AUTOCONF -g -O2  -Wl,--no-undefined conftest.c -lpthread -ldl  >&5
conftest.c:77:6: warning: conflicting types for built-in function 'vsnprintf'
 char vsnprintf ();
      ^
configure:17849: $? = 0
configure:17849: result: yes
configure:17858: checking for library containing gzopen
configure:17889: gcc -o conftest -O2 -ffast-math -DCB_AUTOCONF -g -O2  -Wl,--no-undefined conftest.c -lpthread -ldl  >&5
/tmp/ccjkzTWy.o: In function `main':
/root/work/codeblocks/conftest.c:66: undefined reference to `gzopen'
collect2: error: ld returned 1 exit status
configure:17889: $? = 1
configure: failed program was:
| /* confdefs.h */
| #define PACKAGE_NAME "codeblocks"
| #define PACKAGE_TARNAME "codeblocks"
| #define PACKAGE_VERSION "13.12svn9852"
| #define PACKAGE_STRING "codeblocks 13.12svn9852"
| #define PACKAGE_BUGREPORT ""
| #define PACKAGE_URL ""
| #define PACKAGE "codeblocks"
| #define VERSION "13.12svn9852"
| #define STDC_HEADERS 1
| #define HAVE_SYS_TYPES_H 1
| #define HAVE_SYS_STAT_H 1
| #define HAVE_STDLIB_H 1
| #define HAVE_STRING_H 1
| #define HAVE_MEMORY_H 1
| #define HAVE_STRINGS_H 1
| #define HAVE_INTTYPES_H 1
| #define HAVE_STDINT_H 1
| #define HAVE_UNISTD_H 1
| #define HAVE_DLFCN_H 1
| #define LT_OBJDIR ".libs/"
| #define HAVE_DIRENT_H 1
| #define STDC_HEADERS 1
| #define HAVE_FCNTL_H 1
| #define HAVE_LIMITS_H 1
| #define HAVE_STDLIB_H 1
| #define HAVE_STRING_H 1
| #define HAVE_SYS_PARAM_H 1
| #define HAVE_UNISTD_H 1
| #define HAVE_MALLOC_H 1
| #define HAVE__BOOL 1
| #define HAVE_STDBOOL_H 1
| #define TIME_WITH_SYS_TIME 1
| #define HAVE_STDLIB_H 1
| #define HAVE_MALLOC 1
| #define LSTAT_FOLLOWS_SLASHED_SYMLINK 1
| #define HAVE_VPRINTF 1
| #define HAVE_ATEXIT 1
| #define HAVE_GETCWD 1
| #define HAVE_ISASCII 1
| #define HAVE_MEMCHR 1
| #define HAVE_MEMMOVE 1
| #define HAVE_MEMSET 1
| #define HAVE_STRCASECMP 1
| #define HAVE_STRCHR 1
| #define HAVE_STRCSPN 1
| #define HAVE_STRDUP 1
| #define HAVE_STRRCHR 1
| #define HAVE_STRSTR 1
| #define HAVE_LIBDL 1
| #define HAVE_LIBPTHREAD 1
| #define HAVE_SNPRINTF /**/
| #define HAVE_VSNPRINTF /**/
| /* end confdefs.h.  */
| 
| /* Override any GCC internal prototype to avoid an error.
|    Use char because int might match the return type of a GCC
|    builtin and then its argument prototype would still apply.  */
| #ifdef __cplusplus
| extern "C"
| #endif
| char gzopen ();
| int
| main ()
| {
| return gzopen ();
|   ;
|   return 0;
| }
configure:17889: gcc -o conftest -O2 -ffast-math -DCB_AUTOCONF -g -O2  -Wl,--no-undefined conftest.c -lz  -lpthread -ldl  >&5
configure:17889: $? = 0
configure:17906: result: -lz
configure:17917: checking for library containing BZ2_bzopen
configure:17948: gcc -o conftest -O2 -ffast-math -DCB_AUTOCONF -g -O2  -Wl,--no-undefined conftest.c -lpthread -ldl  >&5
/tmp/cczUCcSH.o: In function `main':
/root/work/codeblocks/conftest.c:66: undefined reference to `BZ2_bzopen'
collect2: error: ld returned 1 exit status
configure:17948: $? = 1
configure: failed program was:
| /* confdefs.h */
| #define PACKAGE_NAME "codeblocks"
| #define PACKAGE_TARNAME "codeblocks"
| #define PACKAGE_VERSION "13.12svn9852"
| #define PACKAGE_STRING "codeblocks 13.12svn9852"
| #define PACKAGE_BUGREPORT ""
| #define PACKAGE_URL ""
| #define PACKAGE "codeblocks"
| #define VERSION "13.12svn9852"
| #define STDC_HEADERS 1
| #define HAVE_SYS_TYPES_H 1
| #define HAVE_SYS_STAT_H 1
| #define HAVE_STDLIB_H 1
| #define HAVE_STRING_H 1
| #define HAVE_MEMORY_H 1
| #define HAVE_STRINGS_H 1
| #define HAVE_INTTYPES_H 1
| #define HAVE_STDINT_H 1
| #define HAVE_UNISTD_H 1
| #define HAVE_DLFCN_H 1
| #define LT_OBJDIR ".libs/"
| #define HAVE_DIRENT_H 1
| #define STDC_HEADERS 1
| #define HAVE_FCNTL_H 1
| #define HAVE_LIMITS_H 1
| #define HAVE_STDLIB_H 1
| #define HAVE_STRING_H 1
| #define HAVE_SYS_PARAM_H 1
| #define HAVE_UNISTD_H 1
| #define HAVE_MALLOC_H 1
| #define HAVE__BOOL 1
| #define HAVE_STDBOOL_H 1
| #define TIME_WITH_SYS_TIME 1
| #define HAVE_STDLIB_H 1
| #define HAVE_MALLOC 1
| #define LSTAT_FOLLOWS_SLASHED_SYMLINK 1
| #define HAVE_VPRINTF 1
| #define HAVE_ATEXIT 1
| #define HAVE_GETCWD 1
| #define HAVE_ISASCII 1
| #define HAVE_MEMCHR 1
| #define HAVE_MEMMOVE 1
| #define HAVE_MEMSET 1
| #define HAVE_STRCASECMP 1
| #define HAVE_STRCHR 1
| #define HAVE_STRCSPN 1
| #define HAVE_STRDUP 1
| #define HAVE_STRRCHR 1
| #define HAVE_STRSTR 1
| #define HAVE_LIBDL 1
| #define HAVE_LIBPTHREAD 1
| #define HAVE_SNPRINTF /**/
| #define HAVE_VSNPRINTF /**/
| /* end confdefs.h.  */
| 
| /* Override any GCC internal prototype to avoid an error.
|    Use char because int might match the return type of a GCC
|    builtin and then its argument prototype would still apply.  */
| #ifdef __cplusplus
| extern "C"
| #endif
| char BZ2_bzopen ();
| int
| main ()
| {
| return BZ2_bzopen ();
|   ;
|   return 0;
| }
configure:17948: gcc -o conftest -O2 -ffast-math -DCB_AUTOCONF -g -O2  -Wl,--no-undefined conftest.c -lbz2  -lpthread -ldl  >&5
configure:17948: $? = 0
configure:17965: result: -lbz2
configure:18046: checking whether to build the source formatter plugin
configure:18065: result: yes
configure:18072: checking whether to build the autosave plugin
configure:18091: result: yes
configure:18098: checking whether to build the class wizard plugin
configure:18117: result: yes
configure:18124: checking whether to build the code completion plugin
configure:18143: result: yes
configure:18150: checking whether to build the compiler plugin
configure:18169: result: yes
configure:18176: checking whether to build the debugger plugin
configure:18195: result: yes
configure:18202: checking whether to build the default MIME handler plugin
configure:18221: result: yes
configure:18228: checking whether to build the open files list plugin
configure:18247: result: yes
configure:18254: checking whether to build the occurrences highlighting plugin
configure:18273: result: yes
configure:18280: checking whether to build the foreign projects importer plugin
configure:18299: result: yes
configure:18306: checking whether to build the scripted wizard plugin
configure:18325: result: yes
configure:18332: checking whether to build the to-do plugin
configure:18351: result: yes
configure:18358: checking whether to build the abbreviations plugin
configure:18377: result: yes
configure:18384: checking whether to keep prebuild windows dll's in dist-tarball
configure:18403: result: yes
configure:18410: checking whether to integrate fortran-plugin in dist-tarball
configure:18429: result: yes
configure:18436: checking whether to use gtk-notebook as default notebook
configure:18455: result: yes
configure:18823: checking which (if any) contrib plugins to build
configure:19935: result: none
configure:19998: checking if the compiler supports precompiled headers
configure:20023: gcc -c -O2 -ffast-math -DCB_AUTOCONF -g -O2  conftest.c >&5
configure:20023: $? = 0
configure:20025: result: yes
configure:20112: checking for wx-config
configure:20131: found /usr/bin/wx-config
configure:20144: result: /usr/bin/wx-config
configure:20159: checking for wxWidgets version >= 2.8.12
configure:20205: result: yes (version 3.0.2)
configure:20209: checking for wxWidgets static library
configure:20213: result: no
configure:20381: checking for wxWidgets platform
configure:20386: result: wxGTK
configure:20396: checking for pkg-config
configure:20412: found /usr/bin/pkg-config
configure:20424: result: yes
configure:20489: checking for pkg-config
configure:20507: found /usr/bin/pkg-config
configure:20519: result: /usr/bin/pkg-config
configure:20544: checking pkg-config is at least version 0.9.0
configure:20547: result: yes
configure:20657: checking for GTK2
configure:20664: $PKG_CONFIG --exists --print-errors "gtk+-2.0 >= 2.0.0"
Package pixman-1 was not found in the pkg-config search path.
Perhaps you should add the directory containing `pixman-1.pc'
to the PKG_CONFIG_PATH environment variable
Package 'pixman-1', required by 'cairo', not found
configure:20667: $? = 1
configure:20681: $PKG_CONFIG --exists --print-errors "gtk+-2.0 >= 2.0.0"
Package pixman-1 was not found in the pkg-config search path.
Perhaps you should add the directory containing `pixman-1.pc'
to the PKG_CONFIG_PATH environment variable
Package 'pixman-1', required by 'cairo', not found
configure:20684: $? = 1
configure:20698: result: no
Package 'pixman-1', required by 'cairo', not found
configure:20714: error: Package requirements (gtk+-2.0 >= 2.0.0) were not met:

Package 'pixman-1', required by 'cairo', not found

Consider adjusting the PKG_CONFIG_PATH environment variable if you
installed software in a non-standard prefix.

Alternatively, you may set the environment variables GTK2_CFLAGS
and GTK2_LIBS to avoid the need to call pkg-config.
See the pkg-config man page for more details.

## ---------------- ##
## Cache variables. ##
## ---------------- ##

ac_cv_build=x86_64-unknown-linux-gnu
ac_cv_c_compiler_gnu=yes
ac_cv_c_const=yes
ac_cv_c_inline=inline
ac_cv_c_volatile=yes
ac_cv_cxx_compiler_gnu=yes
ac_cv_env_CCC_set=
ac_cv_env_CCC_value=
ac_cv_env_CC_set=
ac_cv_env_CC_value=
ac_cv_env_CFLAGS_set=
ac_cv_env_CFLAGS_value=
ac_cv_env_CPPFLAGS_set=
ac_cv_env_CPPFLAGS_value=
ac_cv_env_CPP_set=
ac_cv_env_CPP_value=
ac_cv_env_CXXCPP_set=
ac_cv_env_CXXCPP_value=
ac_cv_env_CXXFLAGS_set=
ac_cv_env_CXXFLAGS_value=
ac_cv_env_CXX_set=
ac_cv_env_CXX_value=
ac_cv_env_FONTCONFIG_CFLAGS_set=
ac_cv_env_FONTCONFIG_CFLAGS_value=
ac_cv_env_FONTCONFIG_LIBS_set=
ac_cv_env_FONTCONFIG_LIBS_value=
ac_cv_env_GAMIN_CFLAGS_set=
ac_cv_env_GAMIN_CFLAGS_value=
ac_cv_env_GAMIN_LIBS_set=
ac_cv_env_GAMIN_LIBS_value=
ac_cv_env_GTK2_CFLAGS_set=
ac_cv_env_GTK2_CFLAGS_value=
ac_cv_env_GTK2_LIBS_set=
ac_cv_env_GTK2_LIBS_value=
ac_cv_env_HUNSPELL_CFLAGS_set=
ac_cv_env_HUNSPELL_CFLAGS_value=
ac_cv_env_HUNSPELL_LIBS_set=
ac_cv_env_HUNSPELL_LIBS_value=
ac_cv_env_LDFLAGS_set=
ac_cv_env_LDFLAGS_value=
ac_cv_env_LIBS_set=
ac_cv_env_LIBS_value=
ac_cv_env_PKG_CONFIG_LIBDIR_set=
ac_cv_env_PKG_CONFIG_LIBDIR_value=
ac_cv_env_PKG_CONFIG_PATH_set=
ac_cv_env_PKG_CONFIG_PATH_value=
ac_cv_env_PKG_CONFIG_set=
ac_cv_env_PKG_CONFIG_value=
ac_cv_env_XMKMF_set=
ac_cv_env_XMKMF_value=
ac_cv_env_build_alias_set=
ac_cv_env_build_alias_value=
ac_cv_env_host_alias_set=
ac_cv_env_host_alias_value=
ac_cv_env_target_alias_set=
ac_cv_env_target_alias_value=
ac_cv_func__doprnt=no
ac_cv_func_atexit=yes
ac_cv_func_closedir_void=no
ac_cv_func_getcwd=yes
ac_cv_func_isascii=yes
ac_cv_func_lstat_dereferences_slashed_symlink=yes
ac_cv_func_malloc_0_nonnull=yes
ac_cv_func_memchr=yes
ac_cv_func_memcmp_working=yes
ac_cv_func_memmove=yes
ac_cv_func_memset=yes
ac_cv_func_snprintf=yes
ac_cv_func_stat_empty_string_bug=no
ac_cv_func_strcasecmp=yes
ac_cv_func_strchr=yes
ac_cv_func_strcspn=yes
ac_cv_func_strdup=yes
ac_cv_func_strrchr=yes
ac_cv_func_strstr=yes
ac_cv_func_vprintf=yes
ac_cv_func_vsnprintf=yes
ac_cv_header_dirent_dirent_h=yes
ac_cv_header_dlfcn_h=yes
ac_cv_header_fcntl_h=yes
ac_cv_header_inttypes_h=yes
ac_cv_header_limits_h=yes
ac_cv_header_malloc_h=yes
ac_cv_header_memory_h=yes
ac_cv_header_stdbool_h=yes
ac_cv_header_stdc=yes
ac_cv_header_stdint_h=yes
ac_cv_header_stdlib_h=yes
ac_cv_header_string_h=yes
ac_cv_header_strings_h=yes
ac_cv_header_sys_param_h=yes
ac_cv_header_sys_stat_h=yes
ac_cv_header_sys_types_h=yes
ac_cv_header_time=yes
ac_cv_header_unistd_h=yes
ac_cv_host=x86_64-unknown-linux-gnu
ac_cv_lib_dl_dlopen=yes
ac_cv_lib_pthread_pthread_create=yes
ac_cv_objext=o
ac_cv_path_EGREP='/usr/bin/grep -E'
ac_cv_path_FGREP='/usr/bin/grep -F'
ac_cv_path_GREP=/usr/bin/grep
ac_cv_path_SED=/usr/bin/sed
ac_cv_path_WX_CONFIG_PATH=/usr/bin/wx-config
ac_cv_path_ac_pt_PKG_CONFIG=/usr/bin/pkg-config
ac_cv_path_install='/usr/bin/ginstall -c'
ac_cv_path_mkdir=/usr/bin/mkdir
ac_cv_prog_AWK=gawk
ac_cv_prog_CPP='gcc -E'
ac_cv_prog_CXXCPP='g++ -E'
ac_cv_prog_HAVE_PKG_CONFIG=yes
ac_cv_prog_ac_ct_AR=ar
ac_cv_prog_ac_ct_CC=gcc
ac_cv_prog_ac_ct_CXX=g++
ac_cv_prog_ac_ct_OBJDUMP=objdump
ac_cv_prog_ac_ct_RANLIB=ranlib
ac_cv_prog_ac_ct_STRIP=strip
ac_cv_prog_cc_c89=
ac_cv_prog_cc_g=yes
ac_cv_prog_cxx_g=yes
ac_cv_prog_make_make_set=yes
ac_cv_search_BZ2_bzopen=-lbz2
ac_cv_search_gzopen=-lz
ac_cv_search_opendir='none required'
ac_cv_target=x86_64-unknown-linux-gnu
ac_cv_type__Bool=yes
ac_cv_type_size_t=yes
am_cv_CC_dependencies_compiler_type=gcc3
am_cv_CXX_dependencies_compiler_type=gcc3
am_cv_make_support_nested_variables=yes
am_cv_prog_cc_c_o=yes
lt_cv_ar_at_file=@
lt_cv_archive_cmds_need_lc=no
lt_cv_deplibs_check_method=pass_all
lt_cv_file_magic_cmd='$MAGIC_CMD'
lt_cv_file_magic_test_file=
lt_cv_ld_reload_flag=-r
lt_cv_nm_interface='BSD nm'
lt_cv_objdir=.libs
lt_cv_path_LD=/usr/x86_64-linux-gnu/bin/ld
lt_cv_path_LDCXX='/usr/x86_64-linux-gnu/bin/ld -m elf_x86_64'
lt_cv_path_NM='/usr/bin/nm -B'
lt_cv_path_mainfest_tool=no
lt_cv_prog_compiler_c_o=yes
lt_cv_prog_compiler_c_o_CXX=yes
lt_cv_prog_compiler_pic='-fPIC -DPIC'
lt_cv_prog_compiler_pic_CXX='-fPIC -DPIC'
lt_cv_prog_compiler_pic_works=yes
lt_cv_prog_compiler_pic_works_CXX=yes
lt_cv_prog_compiler_rtti_exceptions=no
lt_cv_prog_compiler_static_works=yes
lt_cv_prog_compiler_static_works_CXX=yes
lt_cv_prog_gnu_ld=yes
lt_cv_prog_gnu_ldcxx=yes
lt_cv_sharedlib_from_linklib_cmd='printf %s\n'
lt_cv_shlibpath_overrides_runpath=no
lt_cv_sys_global_symbol_pipe='sed -n -e '\''s/^.*[	 ]\([ABCDGIRSTW][ABCDGIRSTW]*\)[	 ][	 ]*\([_A-Za-z][_A-Za-z0-9]*\)$/\1 \2 \2/p'\'' | sed '\''/ __gnu_lto/d'\'''
lt_cv_sys_global_symbol_to_c_name_address='sed -n -e '\''s/^: \([^ ]*\)[ ]*$/  {\"\1\", (void *) 0},/p'\'' -e '\''s/^[ABCDGIRSTW]* \([^ ]*\) \([^ ]*\)$/  {"\2", (void *) \&\2},/p'\'''
lt_cv_sys_global_symbol_to_c_name_address_lib_prefix='sed -n -e '\''s/^: \([^ ]*\)[ ]*$/  {\"\1\", (void *) 0},/p'\'' -e '\''s/^[ABCDGIRSTW]* \([^ ]*\) \(lib[^ ]*\)$/  {"\2", (void *) \&\2},/p'\'' -e '\''s/^[ABCDGIRSTW]* \([^ ]*\) \([^ ]*\)$/  {"lib\2", (void *) \&\2},/p'\'''
lt_cv_sys_global_symbol_to_cdecl='sed -n -e '\''s/^T .* \(.*\)$/extern int \1();/p'\'' -e '\''s/^[ABCDGIRSTW]* .* \(.*\)$/extern char \1;/p'\'''
lt_cv_sys_max_cmd_len=1572864
lt_cv_to_host_file_cmd=func_convert_file_noop
lt_cv_to_tool_file_cmd=func_convert_file_noop

## ----------------- ##
## Output variables. ##
## ----------------- ##

ACLOCAL='${SHELL} /root/work/codeblocks/missing aclocal-1.14'
AMDEPBACKSLASH='\'
AMDEP_FALSE='#'
AMDEP_TRUE=''
AMTAR='${SHELL} /root/work/codeblocks/missing tar'
AM_BACKSLASH='\'
AM_DEFAULT_V='$(AM_DEFAULT_VERBOSITY)'
AM_DEFAULT_VERBOSITY='1'
AM_V='$(V)'
AR='ar'
AUTOCONF='${SHELL} /root/work/codeblocks/missing autoconf'
AUTOHEADER='${SHELL} /root/work/codeblocks/missing autoheader'
AUTOMAKE='${SHELL} /root/work/codeblocks/missing automake-1.14'
AWK='gawk'
BUILD_ABBREVIATIONS_FALSE='#'
BUILD_ABBREVIATIONS_TRUE=''
BUILD_ASTYLE_FALSE='#'
BUILD_ASTYLE_TRUE=''
BUILD_AUTOSAVE_FALSE='#'
BUILD_AUTOSAVE_TRUE=''
BUILD_AUTOVERSIONING=''
BUILD_AUTOVERSIONING_FALSE=''
BUILD_AUTOVERSIONING_TRUE='#'
BUILD_BROWSETRACKER=''
BUILD_BROWSETRACKER_FALSE=''
BUILD_BROWSETRACKER_TRUE='#'
BUILD_BYOGAMES=''
BUILD_BYOGAMES_FALSE=''
BUILD_BYOGAMES_TRUE='#'
BUILD_CBKODERS=''
BUILD_CBKODERS_FALSE=''
BUILD_CBKODERS_TRUE='#'
BUILD_CCCC=''
BUILD_CCCC_FALSE=''
BUILD_CCCC_TRUE='#'
BUILD_CLASSWIZARD_FALSE='#'
BUILD_CLASSWIZARD_TRUE=''
BUILD_CODECOMPLETION_FALSE='#'
BUILD_CODECOMPLETION_TRUE=''
BUILD_CODESNIPPETS=''
BUILD_CODESNIPPETS_FALSE=''
BUILD_CODESNIPPETS_TRUE='#'
BUILD_CODESTAT=''
BUILD_CODESTAT_FALSE=''
BUILD_CODESTAT_TRUE='#'
BUILD_COMPILER_FALSE='#'
BUILD_COMPILER_TRUE=''
BUILD_COPYSTRINGS=''
BUILD_COPYSTRINGS_FALSE=''
BUILD_COPYSTRINGS_TRUE='#'
BUILD_CPPCHECK=''
BUILD_CPPCHECK_FALSE=''
BUILD_CPPCHECK_TRUE='#'
BUILD_CSCOPE=''
BUILD_CSCOPE_FALSE=''
BUILD_CSCOPE_TRUE='#'
BUILD_DEBUGGER_FALSE='#'
BUILD_DEBUGGER_TRUE=''
BUILD_DOXYBLOCKS=''
BUILD_DOXYBLOCKS_FALSE=''
BUILD_DOXYBLOCKS_TRUE='#'
BUILD_DRAGSCROLL=''
BUILD_DRAGSCROLL_FALSE=''
BUILD_DRAGSCROLL_TRUE='#'
BUILD_EDITORCONFIG=''
BUILD_EDITORCONFIG_FALSE=''
BUILD_EDITORCONFIG_TRUE='#'
BUILD_EDITORTWEAKS=''
BUILD_EDITORTWEAKS_FALSE=''
BUILD_EDITORTWEAKS_TRUE='#'
BUILD_ENVVARS=''
BUILD_ENVVARS_FALSE=''
BUILD_ENVVARS_TRUE='#'
BUILD_EXPORTER=''
BUILD_EXPORTER_FALSE=''
BUILD_EXPORTER_TRUE='#'
BUILD_FILEMANAGER=''
BUILD_FILEMANAGER_FALSE=''
BUILD_FILEMANAGER_TRUE='#'
BUILD_HEADERFIXUP=''
BUILD_HEADERFIXUP_FALSE=''
BUILD_HEADERFIXUP_TRUE='#'
BUILD_HELP=''
BUILD_HELP_FALSE=''
BUILD_HELP_TRUE='#'
BUILD_HEXEDITOR=''
BUILD_HEXEDITOR_FALSE=''
BUILD_HEXEDITOR_TRUE='#'
BUILD_INCSEARCH=''
BUILD_INCSEARCH_FALSE=''
BUILD_INCSEARCH_TRUE='#'
BUILD_KEYBINDER=''
BUILD_KEYBINDER_FALSE=''
BUILD_KEYBINDER_TRUE='#'
BUILD_LIBFINDER=''
BUILD_LIBFINDER_FALSE=''
BUILD_LIBFINDER_TRUE='#'
BUILD_MANIFEST_FALSE=''
BUILD_MANIFEST_TRUE='#'
BUILD_MIMEHANDLER_FALSE='#'
BUILD_MIMEHANDLER_TRUE=''
BUILD_MOUSESAP=''
BUILD_MOUSESAP_FALSE=''
BUILD_MOUSESAP_TRUE='#'
BUILD_NASSISHNEIDERMAN=''
BUILD_NASSISHNEIDERMAN_FALSE=''
BUILD_NASSISHNEIDERMAN_TRUE='#'
BUILD_OCCURRENCESHIGHLIGHTING_FALSE='#'
BUILD_OCCURRENCESHIGHLIGHTING_TRUE=''
BUILD_OPENFILESLIST_FALSE='#'
BUILD_OPENFILESLIST_TRUE=''
BUILD_PROFILER=''
BUILD_PROFILER_FALSE=''
BUILD_PROFILER_TRUE='#'
BUILD_PROJECTOPTIONSMANIPULATOR_FALSE=''
BUILD_PROJECTOPTIONSMANIPULATOR_TRUE='#'
BUILD_PROJECTSIMPORTER_FALSE='#'
BUILD_PROJECTSIMPORTER_TRUE=''
BUILD_REGEX=''
BUILD_REGEX_FALSE=''
BUILD_REGEX_TRUE='#'
BUILD_REOPENEDITOR=''
BUILD_REOPENEDITOR_FALSE=''
BUILD_REOPENEDITOR_TRUE='#'
BUILD_SCRIPTEDWIZARD_FALSE='#'
BUILD_SCRIPTEDWIZARD_TRUE=''
BUILD_SMARTINDENT=''
BUILD_SMARTINDENT_FALSE=''
BUILD_SMARTINDENT_TRUE='#'
BUILD_SPELLCHECKER=''
BUILD_SPELLCHECKER_FALSE=''
BUILD_SPELLCHECKER_TRUE='#'
BUILD_SYMTAB=''
BUILD_SYMTAB_FALSE=''
BUILD_SYMTAB_TRUE='#'
BUILD_THREADSEARCH=''
BUILD_THREADSEARCH_FALSE=''
BUILD_THREADSEARCH_TRUE='#'
BUILD_TODO_FALSE='#'
BUILD_TODO_TRUE=''
BUILD_TOOLSPLUS=''
BUILD_TOOLSPLUS_FALSE=''
BUILD_TOOLSPLUS_TRUE='#'
BUILD_VALGRIND=''
BUILD_VALGRIND_FALSE=''
BUILD_VALGRIND_TRUE='#'
BUILD_WXCONTRIB=''
BUILD_WXCONTRIB_FALSE=''
BUILD_WXCONTRIB_TRUE='#'
BUILD_WXSMITH=''
BUILD_WXSMITHAUI=''
BUILD_WXSMITHAUI_FALSE=''
BUILD_WXSMITHAUI_TRUE='#'
BUILD_WXSMITHCONTRIB=''
BUILD_WXSMITHCONTRIB_FALSE=''
BUILD_WXSMITHCONTRIB_TRUE='#'
BUILD_WXSMITH_FALSE=''
BUILD_WXSMITH_TRUE='#'
CB_FONTCONFIG_CFLAGS=''
CB_FONTCONFIG_LIBS=''
CB_GAMIN_CFLAGS=''
CB_GAMIN_LIBS=''
CB_HUNSPELL_CFLAGS=''
CB_HUNSPELL_LIBS=''
CC='gcc'
CCDEPMODE='depmode=gcc3'
CFLAGS='-O2 -ffast-math -DCB_AUTOCONF -g -O2'
CODEBLOCKS_DARWIN_FALSE=''
CODEBLOCKS_DARWIN_TRUE='#'
CODEBLOCKS_LINUX_FALSE='#'
CODEBLOCKS_LINUX_TRUE=''
CODEBLOCKS_NT_FALSE=''
CODEBLOCKS_NT_TRUE='#'
CODEBLOCKS_PLATFORM='gtk'
CODEBLOCKS_VERSION_INFO='0:1:0'
CPP='gcc -E'
CPPFLAGS=''
CXX='g++'
CXXCPP='g++ -E'
CXXDEPMODE='depmode=gcc3'
CXXFLAGS='-O2 -ffast-math -DCB_AUTOCONF '
CYGPATH_W='echo'
DARWIN_FALSE=''
DARWIN_TRUE=''
DATE=''
DEFS=''
DEPDIR='.deps'
DLLTOOL='false'
DSYMUTIL=''
DUMPBIN=''
ECHO_C=''
ECHO_N='-n'
ECHO_T=''
EGREP='/usr/bin/grep -E'
ENABLE_FORTRAN_FALSE='#'
ENABLE_FORTRAN_TRUE=''
EXEEXT=''
FGREP='/usr/bin/grep -F'
FONTCONFIG_CFLAGS=''
FONTCONFIG_LIBS=''
GAMIN_CFLAGS=''
GAMIN_LIBS=''
GCC_MAJOR_VERSION=''
GCC_MINOR_VERSION=''
GCC_PATCH_VERSION=''
GCC_VERSION=''
GREP='/usr/bin/grep'
GTK2_CFLAGS=''
GTK2_LIBS=''
GTK_NOTEBOOK_FALSE='#'
GTK_NOTEBOOK_TRUE=''
HAVE_BZIP2_FALSE='#'
HAVE_BZIP2_TRUE=''
HAVE_GCC48_FALSE=''
HAVE_GCC48_TRUE=''
HAVE_PKG_CONFIG='yes'
HAVE_WX29_FALSE=''
HAVE_WX29_TRUE=''
HAVE_ZLIB_FALSE='#'
HAVE_ZLIB_TRUE=''
HUNSPELL_CFLAGS=''
HUNSPELL_LIBS=''
INSTALL_DATA='${INSTALL} -m 644'
INSTALL_PROGRAM='${INSTALL}'
INSTALL_SCRIPT='${INSTALL}'
INSTALL_STRIP_PROGRAM='$(install_sh) -c -s'
KEEP_DLLS_FALSE='#'
KEEP_DLLS_TRUE=''
LD='/usr/x86_64-linux-gnu/bin/ld -m elf_x86_64'
LDFLAGS='-Wl,--no-undefined'
LIBOBJS=''
LIBS='-lpthread -ldl '
LIBTOOL='$(SHELL) $(top_builddir)/libtool'
LINUX_FALSE=''
LINUX_TRUE=''
LIPO=''
LN_S='ln -s'
LTLIBOBJS=''
MACSETFILE='@true'
MAKEINFO='${SHELL} /root/work/codeblocks/missing makeinfo'
MANIFEST_TOOL=':'
MKDIR_P='/usr/bin/mkdir -p'
NM='/usr/bin/nm -B'
NMEDIT=''
OBJDUMP='objdump'
OBJEXT='o'
OTOOL64=''
OTOOL=''
PACKAGE='codeblocks'
PACKAGE_BUGREPORT=''
PACKAGE_NAME='codeblocks'
PACKAGE_STRING='codeblocks 13.12svn9852'
PACKAGE_TARNAME='codeblocks'
PACKAGE_URL=''
PACKAGE_VERSION='13.12svn9852'
PATH_SEPARATOR=':'
PKG_CONFIG='/usr/bin/pkg-config'
PKG_CONFIG_LIBDIR=''
PKG_CONFIG_PATH=''
PLATFORM_CFLAGS='-I/usr/X11R6/include'
PLATFORM_LIBS='-L/usr/X11R6/lib -lX11'
PLUGIN_FLAGS='-shared -avoid-version'
POSTLINK_COMMAND='@true'
PRECOMPILE_HEADERS_FALSE='#'
PRECOMPILE_HEADERS_TRUE=''
RANLIB='ranlib'
RC=''
REVISION=''
REZ=''
SED='/usr/bin/sed'
SETFILE=''
SET_MAKE=''
SHARED_FLAGS='-shared'
SHELL='/bin/sh'
STRIP='strip'
VERSION='13.12svn9852'
WXPROPGRID_DIR=''
WXPROPGRID_INCLUDE=''
WXPROPGRID_LIB=''
WX_CFLAGS='-I/usr/lib64/x86_64/wx/include/gtk2-unicode-3.0 -I/usr/include/wx-3.0 -D_FILE_OFFSET_BITS=64 -DWXUSINGDLL -D__WXGTK__ -pthread'
WX_CFLAGS_ONLY='-pthread'
WX_CONFIG_PATH='/usr/bin/wx-config'
WX_CPPFLAGS='-I/usr/lib64/x86_64/wx/include/gtk2-unicode-3.0 -I/usr/include/wx-3.0 -D_FILE_OFFSET_BITS=64 -DWXUSINGDLL -D__WXGTK__'
WX_CXXFLAGS='-I/usr/lib64/x86_64/wx/include/gtk2-unicode-3.0 -I/usr/include/wx-3.0 -D_FILE_OFFSET_BITS=64 -DWXUSINGDLL -D__WXGTK__ -pthread'
WX_CXXFLAGS_ONLY=''
WX_GTK2_CFLAGS=''
WX_GTK2_LIBS=''
WX_LIBS='-L/usr/lib64/x86_64 -pthread   -lwx_gtk2u_xrc-3.0 -lwx_gtk2u_html-3.0 -lwx_gtk2u_qa-3.0 -lwx_gtk2u_adv-3.0 -lwx_gtk2u_core-3.0 -lwx_baseu_xml-3.0 -lwx_baseu_net-3.0 -lwx_baseu-3.0 '
WX_LIBS_STATIC=''
WX_RESCOMP=''
WX_VERSION='3.0.2'
WX_VERSION_MAJOR='3'
WX_VERSION_MICRO='2'
WX_VERSION_MINOR='0'
WX_X11_CFLAGS=''
WX_X11_LIBS=''
XMKMF=''
X_CFLAGS=''
X_EXTRA_LIBS=''
X_LIBS=''
X_PRE_LIBS=''
ac_ct_AR='ar'
ac_ct_CC='gcc'
ac_ct_CXX='g++'
ac_ct_DUMPBIN=''
am__EXEEXT_FALSE=''
am__EXEEXT_TRUE=''
am__fastdepCC_FALSE='#'
am__fastdepCC_TRUE=''
am__fastdepCXX_FALSE='#'
am__fastdepCXX_TRUE=''
am__include='include'
am__isrc=''
am__leading_dot='.'
am__nodep='_no'
am__quote=''
am__tar='${AMTAR} chf - "$$tardir"'
am__untar='${AMTAR} xf -'
bindir='${exec_prefix}/bin'
build='x86_64-unknown-linux-gnu'
build_alias=''
build_cpu='x86_64'
build_os='linux-gnu'
build_vendor='unknown'
codeblocks_PCH_FLAGS=''
datadir='${datarootdir}'
datarootdir='${prefix}/share'
docdir='${datarootdir}/doc/${PACKAGE_TARNAME}'
dvidir='${docdir}'
exec_prefix='NONE'
host='x86_64-unknown-linux-gnu'
host_alias=''
host_cpu='x86_64'
host_os='linux-gnu'
host_vendor='unknown'
htmldir='${docdir}'
includedir='${prefix}/include'
infodir='${datarootdir}/info'
install_sh='${SHELL} /root/work/codeblocks/install-sh'
libdir='${exec_prefix}/lib'
libexecdir='${exec_prefix}/libexec'
localedir='${datarootdir}/locale'
localstatedir='${prefix}/var'
mandir='${datarootdir}/man'
mkdir_p='$(MKDIR_P)'
oldincludedir='/usr/include'
pdfdir='${docdir}'
prefix='NONE'
program_transform_name='s,x,x,'
psdir='${docdir}'
sbindir='${exec_prefix}/sbin'
sharedstatedir='${prefix}/com'
sysconfdir='${prefix}/etc'
target='x86_64-unknown-linux-gnu'
target_alias=''
target_cpu='x86_64'
target_os='linux-gnu'
target_vendor='unknown'

## ----------- ##
## confdefs.h. ##
## ----------- ##

/* confdefs.h */
#define PACKAGE_NAME "codeblocks"
#define PACKAGE_TARNAME "codeblocks"
#define PACKAGE_VERSION "13.12svn9852"
#define PACKAGE_STRING "codeblocks 13.12svn9852"
#define PACKAGE_BUGREPORT ""
#define PACKAGE_URL ""
#define PACKAGE "codeblocks"
#define VERSION "13.12svn9852"
#define STDC_HEADERS 1
#define HAVE_SYS_TYPES_H 1
#define HAVE_SYS_STAT_H 1
#define HAVE_STDLIB_H 1
#define HAVE_STRING_H 1
#define HAVE_MEMORY_H 1
#define HAVE_STRINGS_H 1
#define HAVE_INTTYPES_H 1
#define HAVE_STDINT_H 1
#define HAVE_UNISTD_H 1
#define HAVE_DLFCN_H 1
#define LT_OBJDIR ".libs/"
#define HAVE_DIRENT_H 1
#define STDC_HEADERS 1
#define HAVE_FCNTL_H 1
#define HAVE_LIMITS_H 1
#define HAVE_STDLIB_H 1
#define HAVE_STRING_H 1
#define HAVE_SYS_PARAM_H 1
#define HAVE_UNISTD_H 1
#define HAVE_MALLOC_H 1
#define HAVE__BOOL 1
#define HAVE_STDBOOL_H 1
#define TIME_WITH_SYS_TIME 1
#define HAVE_STDLIB_H 1
#define HAVE_MALLOC 1
#define LSTAT_FOLLOWS_SLASHED_SYMLINK 1
#define HAVE_VPRINTF 1
#define HAVE_ATEXIT 1
#define HAVE_GETCWD 1
#define HAVE_ISASCII 1
#define HAVE_MEMCHR 1
#define HAVE_MEMMOVE 1
#define HAVE_MEMSET 1
#define HAVE_STRCASECMP 1
#define HAVE_STRCHR 1
#define HAVE_STRCSPN 1
#define HAVE_STRDUP 1
#define HAVE_STRRCHR 1
#define HAVE_STRSTR 1
#define HAVE_LIBDL 1
#define HAVE_LIBPTHREAD 1
#define HAVE_SNPRINTF /**/
#define HAVE_VSNPRINTF /**/

configure: exit 1
